[2024/09/28 02:08:52]: §9          __             _       
[2024/09/28 02:08:52]: §9  _ __   / /  ___   __ _(_)_ __  
[2024/09/28 02:08:52]: §9 | '_ \ / /  / _ \ / _` | | '_ \ 
[2024/09/28 02:08:52]: §9 | | | / /__| (_) | (_| | | | | |
[2024/09/28 02:08:52]: §9 |_| |_\____/\___/ \__, |_|_| |_|
[2024/09/28 02:08:52]: §9                  |___/            
[2024/09/28 02:08:52]: §9 By: www.nickuc.com - V 10.4.8 DEVELOPMENT
[2024/09/28 02:08:52]: §9 
[2024/09/28 02:08:52]: §3[nLogin] [DEBUG] All settings were loaded in 106 ms.
[2024/09/28 02:08:52]: §3[nLogin] [DEBUG] Loading the messages_es.yml message file...
[2024/09/28 02:08:52]: §3[nLogin] [DEBUG] All plugin messages were loaded in 136 ms (languageByClient=false).
[2024/09/28 02:08:52]: §3[nLogin] [DEBUG] All proxy settings were loaded in 1 ms.
[2024/09/28 02:08:52]: §3[nLogin] [DEBUG] Loading database...
[2024/09/28 02:08:52]: §3[nLogin] [DEBUG] Starting logger filter...
[2024/09/28 02:11:53]: §3[nLogin] [DEBUG] [SQLite] [UPDATE]: "UPDATE `nlogin` SET `last_name` = 'Muessitl', `unique_id` = 4844db36d0d535f9a32373b31cec8ba1,  `mojang_id` = null,  `bedrock_id` = null,  `password` = '$2a$10$9NzFNUJ3cy.20jDS2YlPv.zUTrCiXiJtRNKjBqLQTuY0zLyg/0ztW', `last_ip` = '0:0:0:0:0:0:0:1%0', `creation_date` = 2024-09-23 23:42:54.679, `last_seen` = 2024-09-28 02:11:53.722, `email` = null, `discord` = null, `settings` = '{"settings":[{"value":"es","key":"language"}],"version":0}' WHERE `ai` = 1" (applied to [last_ip, last_seen, settings] columns)
[2024/09/28 02:11:53]: [nLogin] The user Muessitl has successfully logged in.
[2024/09/28 02:13:07]: §3[nLogin] [DEBUG] [SQLite] [UPDATE]: "UPDATE `nlogin` SET `last_name` = 'kanyelover132', `unique_id` = 6a6c9b7dcc3e345682eb571e71811599,  `mojang_id` = null,  `bedrock_id` = null,  `password` = '$2a$10$ecf7nSCOG5iDXwH2YFcPoefFfwIow4cDhk7foYDNCvSYH4qwmyDE6', `last_ip` = '0:0:0:0:0:0:0:1%0', `creation_date` = 2024-09-23 23:48:01.257, `last_seen` = 2024-09-28 02:13:07.015, `email` = null, `discord` = null, `settings` = '{"settings":[{"value":"es","key":"language"}],"version":0}' WHERE `ai` = 2" (applied to [last_ip, last_seen, settings] columns)
[2024/09/28 02:13:07]: [nLogin] The user kanyelover132 has successfully logged in.
[2024/09/28 02:27:43]: §3[nLogin] [DEBUG] [SQLite] [UPDATE]: "UPDATE `nlogin` SET `last_name` = 'Muessitl', `unique_id` = 4844db36d0d535f9a32373b31cec8ba1,  `mojang_id` = null,  `bedrock_id` = null,  `password` = '$2a$10$9NzFNUJ3cy.20jDS2YlPv.zUTrCiXiJtRNKjBqLQTuY0zLyg/0ztW', `last_ip` = '0:0:0:0:0:0:0:1%0', `creation_date` = 2024-09-23 23:42:54.679, `last_seen` = 2024-09-28 02:27:43.48, `email` = null, `discord` = null, `settings` = '{"settings":[{"value":"es","key":"language"}],"version":0}' WHERE `ai` = 1" (applied to [last_seen, settings] columns)
[2024/09/28 02:30:06]: §3[nLogin] [DEBUG] [SQLite] [UPDATE]: "UPDATE `nlogin` SET `last_name` = 'Muessitl', `unique_id` = 4844db36d0d535f9a32373b31cec8ba1,  `mojang_id` = null,  `bedrock_id` = null,  `password` = '$2a$10$9NzFNUJ3cy.20jDS2YlPv.zUTrCiXiJtRNKjBqLQTuY0zLyg/0ztW', `last_ip` = '0:0:0:0:0:0:0:1%0', `creation_date` = 2024-09-23 23:42:54.679, `last_seen` = 2024-09-28 02:30:06.62, `email` = null, `discord` = null, `settings` = '{"settings":[{"value":"es","key":"language"}],"version":0}' WHERE `ai` = 1" (applied to [last_ip, last_seen, settings] columns)
[2024/09/28 02:30:06]: [nLogin] The user Muessitl has successfully logged in.
[2024/09/28 02:32:45]: §3[nLogin] [DEBUG] [SQLite] [UPDATE]: "UPDATE `nlogin` SET `last_name` = 'Muessitl', `unique_id` = 4844db36d0d535f9a32373b31cec8ba1,  `mojang_id` = null,  `bedrock_id` = null,  `password` = '$2a$10$9NzFNUJ3cy.20jDS2YlPv.zUTrCiXiJtRNKjBqLQTuY0zLyg/0ztW', `last_ip` = '0:0:0:0:0:0:0:1%0', `creation_date` = 2024-09-23 23:42:54.679, `last_seen` = 2024-09-28 02:32:45.618, `email` = null, `discord` = null, `settings` = '{"settings":[{"value":"es","key":"language"}],"version":0}' WHERE `ai` = 1" (applied to [last_seen, settings] columns)
[2024/09/28 02:33:22]: §3[nLogin] [DEBUG] [SQLite] [UPDATE]: "UPDATE `nlogin` SET `last_name` = 'Muessitl', `unique_id` = 4844db36d0d535f9a32373b31cec8ba1,  `mojang_id` = null,  `bedrock_id` = null,  `password` = '$2a$10$9NzFNUJ3cy.20jDS2YlPv.zUTrCiXiJtRNKjBqLQTuY0zLyg/0ztW', `last_ip` = '0:0:0:0:0:0:0:1%0', `creation_date` = 2024-09-23 23:42:54.679, `last_seen` = 2024-09-28 02:33:22.624, `email` = null, `discord` = null, `settings` = '{"settings":[{"value":"es","key":"language"}],"version":0}' WHERE `ai` = 1" (applied to [last_ip, last_seen, settings] columns)
[2024/09/28 02:33:22]: [nLogin] The user Muessitl has successfully logged in.
[2024/09/28 02:33:33]: §3[nLogin] [DEBUG] [SQLite] [UPDATE]: "UPDATE `nlogin` SET `last_name` = 'Muessitl', `unique_id` = 4844db36d0d535f9a32373b31cec8ba1,  `mojang_id` = null,  `bedrock_id` = null,  `password` = '$2a$10$9NzFNUJ3cy.20jDS2YlPv.zUTrCiXiJtRNKjBqLQTuY0zLyg/0ztW', `last_ip` = '0:0:0:0:0:0:0:1%0', `creation_date` = 2024-09-23 23:42:54.679, `last_seen` = 2024-09-28 02:33:33.524, `email` = null, `discord` = null, `settings` = '{"settings":[{"value":"es","key":"language"}],"version":0}' WHERE `ai` = 1" (applied to [last_seen, settings] columns)
[2024/09/28 02:34:51]: §3[nLogin] [DEBUG] [SQLite] [UPDATE]: "UPDATE `nlogin` SET `last_name` = 'Muessitl', `unique_id` = 4844db36d0d535f9a32373b31cec8ba1,  `mojang_id` = null,  `bedrock_id` = null,  `password` = '$2a$10$9NzFNUJ3cy.20jDS2YlPv.zUTrCiXiJtRNKjBqLQTuY0zLyg/0ztW', `last_ip` = '0:0:0:0:0:0:0:1%0', `creation_date` = 2024-09-23 23:42:54.679, `last_seen` = 2024-09-28 02:34:51.547, `email` = null, `discord` = null, `settings` = '{"settings":[{"value":"es","key":"language"}],"version":0}' WHERE `ai` = 1" (applied to [last_ip, last_seen, settings] columns)
[2024/09/28 02:34:51]: [nLogin] The user Muessitl has successfully logged in.
[2024/09/28 02:41:53]: §3[nLogin] [DEBUG] [SQLite] [UPDATE]: "UPDATE `nlogin` SET `last_name` = 'Muessitl', `unique_id` = 4844db36d0d535f9a32373b31cec8ba1,  `mojang_id` = null,  `bedrock_id` = null,  `password` = '$2a$10$9NzFNUJ3cy.20jDS2YlPv.zUTrCiXiJtRNKjBqLQTuY0zLyg/0ztW', `last_ip` = '0:0:0:0:0:0:0:1%0', `creation_date` = 2024-09-23 23:42:54.679, `last_seen` = 2024-09-28 02:41:53.662, `email` = null, `discord` = null, `settings` = '{"settings":[{"value":"es","key":"language"}],"version":0}' WHERE `ai` = 1" (applied to [last_seen, settings] columns)
[2024/09/28 02:42:14]: §3[nLogin] [DEBUG] [SQLite] [UPDATE]: "UPDATE `nlogin` SET `last_name` = 'Muessitl', `unique_id` = 4844db36d0d535f9a32373b31cec8ba1,  `mojang_id` = null,  `bedrock_id` = null,  `password` = '$2a$10$9NzFNUJ3cy.20jDS2YlPv.zUTrCiXiJtRNKjBqLQTuY0zLyg/0ztW', `last_ip` = '0:0:0:0:0:0:0:1%0', `creation_date` = 2024-09-23 23:42:54.679, `last_seen` = 2024-09-28 02:42:14.698, `email` = null, `discord` = null, `settings` = '{"settings":[{"value":"es","key":"language"}],"version":0}' WHERE `ai` = 1" (applied to [last_ip, last_seen, settings] columns)
[2024/09/28 02:42:14]: [nLogin] The user Muessitl has successfully logged in.
[2024/09/28 02:42:24]: §3[nLogin] [DEBUG] [SQLite] [UPDATE]: "UPDATE `nlogin` SET `last_name` = 'Muessitl', `unique_id` = 4844db36d0d535f9a32373b31cec8ba1,  `mojang_id` = null,  `bedrock_id` = null,  `password` = '$2a$10$9NzFNUJ3cy.20jDS2YlPv.zUTrCiXiJtRNKjBqLQTuY0zLyg/0ztW', `last_ip` = '0:0:0:0:0:0:0:1%0', `creation_date` = 2024-09-23 23:42:54.679, `last_seen` = 2024-09-28 02:42:24.212, `email` = null, `discord` = null, `settings` = '{"settings":[{"value":"es","key":"language"}],"version":0}' WHERE `ai` = 1" (applied to [last_seen, settings] columns)
[2024/09/28 02:42:40]: §3[nLogin] [DEBUG] [SQLite] [UPDATE]: "UPDATE `nlogin` SET `last_name` = 'Muessitl', `unique_id` = 4844db36d0d535f9a32373b31cec8ba1,  `mojang_id` = null,  `bedrock_id` = null,  `password` = '$2a$10$9NzFNUJ3cy.20jDS2YlPv.zUTrCiXiJtRNKjBqLQTuY0zLyg/0ztW', `last_ip` = '0:0:0:0:0:0:0:1%0', `creation_date` = 2024-09-23 23:42:54.679, `last_seen` = 2024-09-28 02:42:40.07, `email` = null, `discord` = null, `settings` = '{"settings":[{"value":"es","key":"language"}],"version":0}' WHERE `ai` = 1" (applied to [last_ip, last_seen, settings] columns)
[2024/09/28 02:42:40]: [nLogin] The user Muessitl has successfully logged in.
[2024/09/28 02:42:55]: §3[nLogin] [DEBUG] [SQLite] [UPDATE]: "UPDATE `nlogin` SET `last_name` = 'Muessitl', `unique_id` = 4844db36d0d535f9a32373b31cec8ba1,  `mojang_id` = null,  `bedrock_id` = null,  `password` = '$2a$10$9NzFNUJ3cy.20jDS2YlPv.zUTrCiXiJtRNKjBqLQTuY0zLyg/0ztW', `last_ip` = '0:0:0:0:0:0:0:1%0', `creation_date` = 2024-09-23 23:42:54.679, `last_seen` = 2024-09-28 02:42:55.461, `email` = null, `discord` = null, `settings` = '{"settings":[{"value":"es","key":"language"}],"version":0}' WHERE `ai` = 1" (applied to [last_seen, settings] columns)
[2024/09/28 02:43:17]: §3[nLogin] [DEBUG] [SQLite] [UPDATE]: "UPDATE `nlogin` SET `last_name` = 'Muessitl', `unique_id` = 4844db36d0d535f9a32373b31cec8ba1,  `mojang_id` = null,  `bedrock_id` = null,  `password` = '$2a$10$9NzFNUJ3cy.20jDS2YlPv.zUTrCiXiJtRNKjBqLQTuY0zLyg/0ztW', `last_ip` = '0:0:0:0:0:0:0:1%0', `creation_date` = 2024-09-23 23:42:54.679, `last_seen` = 2024-09-28 02:43:17.103, `email` = null, `discord` = null, `settings` = '{"settings":[{"value":"es","key":"language"}],"version":0}' WHERE `ai` = 1" (applied to [last_ip, last_seen, settings] columns)
[2024/09/28 02:43:17]: [nLogin] The user Muessitl has successfully logged in.
[2024/09/28 02:43:44]: §3[nLogin] [DEBUG] [SQLite] [UPDATE]: "UPDATE `nlogin` SET `last_name` = 'Muessitl', `unique_id` = 4844db36d0d535f9a32373b31cec8ba1,  `mojang_id` = null,  `bedrock_id` = null,  `password` = '$2a$10$9NzFNUJ3cy.20jDS2YlPv.zUTrCiXiJtRNKjBqLQTuY0zLyg/0ztW', `last_ip` = '0:0:0:0:0:0:0:1%0', `creation_date` = 2024-09-23 23:42:54.679, `last_seen` = 2024-09-28 02:43:44.011, `email` = null, `discord` = null, `settings` = '{"settings":[{"value":"es","key":"language"}],"version":0}' WHERE `ai` = 1" (applied to [last_seen, settings] columns)
[2024/09/28 02:44:00]: §3[nLogin] [DEBUG] [SQLite] [UPDATE]: "UPDATE `nlogin` SET `last_name` = 'Muessitl', `unique_id` = 4844db36d0d535f9a32373b31cec8ba1,  `mojang_id` = null,  `bedrock_id` = null,  `password` = '$2a$10$9NzFNUJ3cy.20jDS2YlPv.zUTrCiXiJtRNKjBqLQTuY0zLyg/0ztW', `last_ip` = '0:0:0:0:0:0:0:1%0', `creation_date` = 2024-09-23 23:42:54.679, `last_seen` = 2024-09-28 02:44:00.487, `email` = null, `discord` = null, `settings` = '{"settings":[{"value":"es","key":"language"}],"version":0}' WHERE `ai` = 1" (applied to [last_ip, last_seen, settings] columns)
[2024/09/28 02:44:00]: [nLogin] The user Muessitl has successfully logged in.
[2024/09/28 02:44:32]: §3[nLogin] [DEBUG] [SQLite] [UPDATE]: "UPDATE `nlogin` SET `last_name` = 'Muessitl', `unique_id` = 4844db36d0d535f9a32373b31cec8ba1,  `mojang_id` = null,  `bedrock_id` = null,  `password` = '$2a$10$9NzFNUJ3cy.20jDS2YlPv.zUTrCiXiJtRNKjBqLQTuY0zLyg/0ztW', `last_ip` = '0:0:0:0:0:0:0:1%0', `creation_date` = 2024-09-23 23:42:54.679, `last_seen` = 2024-09-28 02:44:32.219, `email` = null, `discord` = null, `settings` = '{"settings":[{"value":"es","key":"language"}],"version":0}' WHERE `ai` = 1" (applied to [last_seen, settings] columns)
[2024/09/28 02:50:30]: §3[nLogin] [DEBUG] The Muessitl (0:0:0:0:0:0:0:1%0) player entered an incorrect password
[2024/09/28 02:50:46]: §3[nLogin] [DEBUG] [SQLite] [UPDATE]: "UPDATE `nlogin` SET `last_name` = 'Muessitl', `unique_id` = 4844db36d0d535f9a32373b31cec8ba1,  `mojang_id` = null,  `bedrock_id` = null,  `password` = '$2a$10$9NzFNUJ3cy.20jDS2YlPv.zUTrCiXiJtRNKjBqLQTuY0zLyg/0ztW', `last_ip` = '0:0:0:0:0:0:0:1%0', `creation_date` = 2024-09-23 23:42:54.679, `last_seen` = 2024-09-28 02:50:46.768, `email` = null, `discord` = null, `settings` = '{"settings":[{"value":"es","key":"language"}],"version":0}' WHERE `ai` = 1" (applied to [last_ip, last_seen, settings] columns)
[2024/09/28 02:50:46]: [nLogin] The user Muessitl has successfully logged in.
[2024/09/28 02:51:03]: §3[nLogin] [DEBUG] [SQLite] [UPDATE]: "UPDATE `nlogin` SET `last_name` = 'Muessitl', `unique_id` = 4844db36d0d535f9a32373b31cec8ba1,  `mojang_id` = null,  `bedrock_id` = null,  `password` = '$2a$10$9NzFNUJ3cy.20jDS2YlPv.zUTrCiXiJtRNKjBqLQTuY0zLyg/0ztW', `last_ip` = '0:0:0:0:0:0:0:1%0', `creation_date` = 2024-09-23 23:42:54.679, `last_seen` = 2024-09-28 02:51:03.112, `email` = null, `discord` = null, `settings` = '{"settings":[{"value":"es","key":"language"}],"version":0}' WHERE `ai` = 1" (applied to [last_seen, settings] columns)
[2024/09/28 02:55:38]: §3[nLogin] [DEBUG] [SQLite] [UPDATE]: "UPDATE `nlogin` SET `last_name` = 'Muessitl', `unique_id` = 4844db36d0d535f9a32373b31cec8ba1,  `mojang_id` = null,  `bedrock_id` = null,  `password` = '$2a$10$9NzFNUJ3cy.20jDS2YlPv.zUTrCiXiJtRNKjBqLQTuY0zLyg/0ztW', `last_ip` = '0:0:0:0:0:0:0:1%0', `creation_date` = 2024-09-23 23:42:54.679, `last_seen` = 2024-09-28 02:55:38.038, `email` = null, `discord` = null, `settings` = '{"settings":[{"value":"es","key":"language"}],"version":0}' WHERE `ai` = 1" (applied to [last_ip, last_seen, settings] columns)
[2024/09/28 02:55:38]: [nLogin] The user Muessitl has successfully logged in.
[2024/09/28 02:56:08]: §3[nLogin] [DEBUG] [SQLite] [UPDATE]: "UPDATE `nlogin` SET `last_name` = 'Muessitl', `unique_id` = 4844db36d0d535f9a32373b31cec8ba1,  `mojang_id` = null,  `bedrock_id` = null,  `password` = '$2a$10$9NzFNUJ3cy.20jDS2YlPv.zUTrCiXiJtRNKjBqLQTuY0zLyg/0ztW', `last_ip` = '0:0:0:0:0:0:0:1%0', `creation_date` = 2024-09-23 23:42:54.679, `last_seen` = 2024-09-28 02:56:08.019, `email` = null, `discord` = null, `settings` = '{"settings":[{"value":"es","key":"language"}],"version":0}' WHERE `ai` = 1" (applied to [last_seen, settings] columns)
[2024/09/28 02:58:40]: §3[nLogin] [DEBUG] [SQLite] [UPDATE]: "UPDATE `nlogin` SET `last_name` = 'Muessitl', `unique_id` = 4844db36d0d535f9a32373b31cec8ba1,  `mojang_id` = null,  `bedrock_id` = null,  `password` = '$2a$10$9NzFNUJ3cy.20jDS2YlPv.zUTrCiXiJtRNKjBqLQTuY0zLyg/0ztW', `last_ip` = '0:0:0:0:0:0:0:1%0', `creation_date` = 2024-09-23 23:42:54.679, `last_seen` = 2024-09-28 02:58:40.868, `email` = null, `discord` = null, `settings` = '{"settings":[{"value":"es","key":"language"}],"version":0}' WHERE `ai` = 1" (applied to [last_ip, last_seen, settings] columns)
[2024/09/28 02:58:40]: [nLogin] The user Muessitl has successfully logged in.
[2024/09/28 02:59:19]: §3[nLogin] [DEBUG] [SQLite] [UPDATE]: "UPDATE `nlogin` SET `last_name` = 'Muessitl', `unique_id` = 4844db36d0d535f9a32373b31cec8ba1,  `mojang_id` = null,  `bedrock_id` = null,  `password` = '$2a$10$9NzFNUJ3cy.20jDS2YlPv.zUTrCiXiJtRNKjBqLQTuY0zLyg/0ztW', `last_ip` = '0:0:0:0:0:0:0:1%0', `creation_date` = 2024-09-23 23:42:54.679, `last_seen` = 2024-09-28 02:59:19.917, `email` = null, `discord` = null, `settings` = '{"settings":[{"value":"es","key":"language"}],"version":0}' WHERE `ai` = 1" (applied to [last_seen, settings] columns)
[2024/09/28 03:04:18]: §3[nLogin] [DEBUG] [SQLite] [UPDATE]: "UPDATE `nlogin` SET `last_name` = 'Muessitl', `unique_id` = 4844db36d0d535f9a32373b31cec8ba1,  `mojang_id` = null,  `bedrock_id` = null,  `password` = '$2a$10$9NzFNUJ3cy.20jDS2YlPv.zUTrCiXiJtRNKjBqLQTuY0zLyg/0ztW', `last_ip` = '0:0:0:0:0:0:0:1%0', `creation_date` = 2024-09-23 23:42:54.679, `last_seen` = 2024-09-28 03:04:18.13, `email` = null, `discord` = null, `settings` = '{"settings":[{"value":"es","key":"language"}],"version":0}' WHERE `ai` = 1" (applied to [last_ip, last_seen, settings] columns)
[2024/09/28 03:04:18]: [nLogin] The user Muessitl has successfully logged in.
[2024/09/28 03:04:20]: §3[nLogin] [DEBUG] [SQLite] [UPDATE]: "UPDATE `nlogin` SET `last_name` = 'Muessitl', `unique_id` = 4844db36d0d535f9a32373b31cec8ba1,  `mojang_id` = null,  `bedrock_id` = null,  `password` = '$2a$10$9NzFNUJ3cy.20jDS2YlPv.zUTrCiXiJtRNKjBqLQTuY0zLyg/0ztW', `last_ip` = '0:0:0:0:0:0:0:1%0', `creation_date` = 2024-09-23 23:42:54.679, `last_seen` = 2024-09-28 03:04:20.698, `email` = null, `discord` = null, `settings` = '{"settings":[{"value":"es","key":"language"}],"version":0}' WHERE `ai` = 1" (applied to [last_seen, settings] columns)
[2024/09/28 03:04:49]: §3[nLogin] [DEBUG] [SQLite] [UPDATE]: "UPDATE `nlogin` SET `last_name` = 'Muessitl', `unique_id` = 4844db36d0d535f9a32373b31cec8ba1,  `mojang_id` = null,  `bedrock_id` = null,  `password` = '$2a$10$9NzFNUJ3cy.20jDS2YlPv.zUTrCiXiJtRNKjBqLQTuY0zLyg/0ztW', `last_ip` = '0:0:0:0:0:0:0:1%0', `creation_date` = 2024-09-23 23:42:54.679, `last_seen` = 2024-09-28 03:04:49.002, `email` = null, `discord` = null, `settings` = '{"settings":[{"value":"es","key":"language"}],"version":0}' WHERE `ai` = 1" (applied to [last_ip, last_seen, settings] columns)
[2024/09/28 03:04:49]: [nLogin] The user Muessitl has successfully logged in.
[2024/09/28 03:05:19]: §3[nLogin] [DEBUG] [SQLite] [UPDATE]: "UPDATE `nlogin` SET `last_name` = 'Muessitl', `unique_id` = 4844db36d0d535f9a32373b31cec8ba1,  `mojang_id` = null,  `bedrock_id` = null,  `password` = '$2a$10$9NzFNUJ3cy.20jDS2YlPv.zUTrCiXiJtRNKjBqLQTuY0zLyg/0ztW', `last_ip` = '0:0:0:0:0:0:0:1%0', `creation_date` = 2024-09-23 23:42:54.679, `last_seen` = 2024-09-28 03:05:18.929, `email` = null, `discord` = null, `settings` = '{"settings":[{"value":"es","key":"language"}],"version":0}' WHERE `ai` = 1" (applied to [last_seen, settings] columns)
[2024/09/28 03:11:22]: §3[nLogin] [DEBUG] [SQLite] [UPDATE]: "UPDATE `nlogin` SET `last_name` = 'kanyelover132', `unique_id` = 6a6c9b7dcc3e345682eb571e71811599,  `mojang_id` = null,  `bedrock_id` = null,  `password` = '$2a$10$ecf7nSCOG5iDXwH2YFcPoefFfwIow4cDhk7foYDNCvSYH4qwmyDE6', `last_ip` = '0:0:0:0:0:0:0:1%0', `creation_date` = 2024-09-23 23:48:01.257, `last_seen` = 2024-09-28 03:11:22.867, `email` = null, `discord` = null, `settings` = '{"settings":[{"value":"es","key":"language"}],"version":0}' WHERE `ai` = 2" (applied to [last_seen, settings] columns)
[2024/09/28 03:11:33]: §3[nLogin] [DEBUG] [SQLite] [UPDATE]: "UPDATE `nlogin` SET `last_name` = 'kanyelover132', `unique_id` = 6a6c9b7dcc3e345682eb571e71811599,  `mojang_id` = null,  `bedrock_id` = null,  `password` = '$2a$10$ecf7nSCOG5iDXwH2YFcPoefFfwIow4cDhk7foYDNCvSYH4qwmyDE6', `last_ip` = '0:0:0:0:0:0:0:1%0', `creation_date` = 2024-09-23 23:48:01.257, `last_seen` = 2024-09-28 03:11:33.947, `email` = null, `discord` = null, `settings` = '{"settings":[{"value":"es","key":"language"}],"version":0}' WHERE `ai` = 2" (applied to [last_ip, last_seen, settings] columns)
[2024/09/28 03:11:33]: [nLogin] The user kanyelover132 has successfully logged in.
[2024/09/28 03:14:05]: §3[nLogin] [DEBUG] [SQLite] [UPDATE]: "UPDATE `nlogin` SET `last_name` = 'kanyelover132', `unique_id` = 6a6c9b7dcc3e345682eb571e71811599,  `mojang_id` = null,  `bedrock_id` = null,  `password` = '$2a$10$ecf7nSCOG5iDXwH2YFcPoefFfwIow4cDhk7foYDNCvSYH4qwmyDE6', `last_ip` = '0:0:0:0:0:0:0:1%0', `creation_date` = 2024-09-23 23:48:01.257, `last_seen` = 2024-09-28 03:14:05.67, `email` = null, `discord` = null, `settings` = '{"settings":[{"value":"es","key":"language"}],"version":0}' WHERE `ai` = 2" (applied to [last_seen, settings] columns)
[2024/09/28 03:14:19]: §3[nLogin] [DEBUG] [SQLite] [UPDATE]: "UPDATE `nlogin` SET `last_name` = 'kanyelover132', `unique_id` = 6a6c9b7dcc3e345682eb571e71811599,  `mojang_id` = null,  `bedrock_id` = null,  `password` = '$2a$10$ecf7nSCOG5iDXwH2YFcPoefFfwIow4cDhk7foYDNCvSYH4qwmyDE6', `last_ip` = '0:0:0:0:0:0:0:1%0', `creation_date` = 2024-09-23 23:48:01.257, `last_seen` = 2024-09-28 03:14:19.241, `email` = null, `discord` = null, `settings` = '{"settings":[{"value":"es","key":"language"}],"version":0}' WHERE `ai` = 2" (applied to [last_ip, last_seen, settings] columns)
[2024/09/28 03:14:19]: [nLogin] The user kanyelover132 has successfully logged in.
[2024/09/28 03:14:36]: §3[nLogin] [DEBUG] [SQLite] [UPDATE]: "UPDATE `nlogin` SET `last_name` = 'kanyelover132', `unique_id` = 6a6c9b7dcc3e345682eb571e71811599,  `mojang_id` = null,  `bedrock_id` = null,  `password` = '$2a$10$ecf7nSCOG5iDXwH2YFcPoefFfwIow4cDhk7foYDNCvSYH4qwmyDE6', `last_ip` = '0:0:0:0:0:0:0:1%0', `creation_date` = 2024-09-23 23:48:01.257, `last_seen` = 2024-09-28 03:14:36.073, `email` = null, `discord` = null, `settings` = '{"settings":[{"value":"es","key":"language"}],"version":0}' WHERE `ai` = 2" (applied to [last_seen, settings] columns)
[2024/09/28 03:14:42]: §3[nLogin] [DEBUG] [SQLite] [UPDATE]: "UPDATE `nlogin` SET `last_name` = 'kanyelover132', `unique_id` = 6a6c9b7dcc3e345682eb571e71811599,  `mojang_id` = null,  `bedrock_id` = null,  `password` = '$2a$10$ecf7nSCOG5iDXwH2YFcPoefFfwIow4cDhk7foYDNCvSYH4qwmyDE6', `last_ip` = '0:0:0:0:0:0:0:1%0', `creation_date` = 2024-09-23 23:48:01.257, `last_seen` = 2024-09-28 03:14:42.068, `email` = null, `discord` = null, `settings` = '{"settings":[{"value":"es","key":"language"}],"version":0}' WHERE `ai` = 2" (applied to [last_ip, last_seen, settings] columns)
[2024/09/28 03:14:42]: [nLogin] The user kanyelover132 has successfully logged in.
[2024/09/28 03:16:09]: §3[nLogin] [DEBUG] [SQLite] [UPDATE]: "UPDATE `nlogin` SET `last_name` = 'kanyelover132', `unique_id` = 6a6c9b7dcc3e345682eb571e71811599,  `mojang_id` = null,  `bedrock_id` = null,  `password` = '$2a$10$ecf7nSCOG5iDXwH2YFcPoefFfwIow4cDhk7foYDNCvSYH4qwmyDE6', `last_ip` = '0:0:0:0:0:0:0:1%0', `creation_date` = 2024-09-23 23:48:01.257, `last_seen` = 2024-09-28 03:16:09.714, `email` = null, `discord` = null, `settings` = '{"settings":[{"value":"es","key":"language"}],"version":0}' WHERE `ai` = 2" (applied to [last_seen, settings] columns)
[2024/09/28 03:16:15]: §3[nLogin] [DEBUG] [SQLite] [UPDATE]: "UPDATE `nlogin` SET `last_name` = 'kanyelover132', `unique_id` = 6a6c9b7dcc3e345682eb571e71811599,  `mojang_id` = null,  `bedrock_id` = null,  `password` = '$2a$10$ecf7nSCOG5iDXwH2YFcPoefFfwIow4cDhk7foYDNCvSYH4qwmyDE6', `last_ip` = '0:0:0:0:0:0:0:1%0', `creation_date` = 2024-09-23 23:48:01.257, `last_seen` = 2024-09-28 03:16:15.25, `email` = null, `discord` = null, `settings` = '{"settings":[{"value":"es","key":"language"}],"version":0}' WHERE `ai` = 2" (applied to [last_ip, last_seen, settings] columns)
[2024/09/28 03:16:15]: [nLogin] The user kanyelover132 has successfully logged in.
[2024/09/28 03:17:54]: §3[nLogin] [DEBUG] [SQLite] [UPDATE]: "UPDATE `nlogin` SET `last_name` = 'kanyelover132', `unique_id` = 6a6c9b7dcc3e345682eb571e71811599,  `mojang_id` = null,  `bedrock_id` = null,  `password` = '$2a$10$ecf7nSCOG5iDXwH2YFcPoefFfwIow4cDhk7foYDNCvSYH4qwmyDE6', `last_ip` = '0:0:0:0:0:0:0:1%0', `creation_date` = 2024-09-23 23:48:01.257, `last_seen` = 2024-09-28 03:17:54.914, `email` = null, `discord` = null, `settings` = '{"settings":[{"value":"es","key":"language"}],"version":0}' WHERE `ai` = 2" (applied to [last_seen, settings] columns)
[2024/09/28 03:18:00]: §3[nLogin] [DEBUG] [SQLite] [UPDATE]: "UPDATE `nlogin` SET `last_name` = 'kanyelover132', `unique_id` = 6a6c9b7dcc3e345682eb571e71811599,  `mojang_id` = null,  `bedrock_id` = null,  `password` = '$2a$10$ecf7nSCOG5iDXwH2YFcPoefFfwIow4cDhk7foYDNCvSYH4qwmyDE6', `last_ip` = '0:0:0:0:0:0:0:1%0', `creation_date` = 2024-09-23 23:48:01.257, `last_seen` = 2024-09-28 03:18:00.266, `email` = null, `discord` = null, `settings` = '{"settings":[{"value":"es","key":"language"}],"version":0}' WHERE `ai` = 2" (applied to [last_ip, last_seen, settings] columns)
[2024/09/28 03:18:00]: [nLogin] The user kanyelover132 has successfully logged in.
[2024/09/28 03:30:17]: [nLogin] Successful plugin core shutdown (took 0.00s)
[2024/09/28 03:30:17]: §4[nLogin] [ERROR] §c[ProtocolLib] Failed to unhook ProtocolLib protocols.
java.util.ConcurrentModificationException
	at java.base/java.util.HashMap$HashIterator.nextNode(HashMap.java:1605)
	at java.base/java.util.HashMap$ValueIterator.next(HashMap.java:1633)
	at com.google.common.collect.TransformedIterator.next(TransformedIterator.java:52)
	at com.google.common.collect.Iterators$ConcatenatedIterator.hasNext(Iterators.java:1400)
	at ProtocolLib.jar//com.comphenix.protocol.async.AsyncFilterManager.unregisterAsyncHandlers(AsyncFilterManager.java:289)
	at ProtocolLib.jar//com.comphenix.protocol.async.AsyncFilterManager.unregisterAsyncHandlers(AsyncFilterManager.java:283)
	at com.nickuc.login.πργηπνπτΨζξσΓΓ.L(:125)
	at com.nickuc.login.ζΠΨθμδμθγκΣηω.J(:93)
	at com.nickuc.login.πφυΨεξβνΛΠψ.k(:227)
	at com.nickuc.login.ΠχθτγπφΨλσ.N(:265)
	at com.nickuc.login.ωωξΠζΨΛζροθδβγ.N(:77)
	at com.nickuc.login.ετςζοζηυγς.N(:74)
	at com.nickuc.login.πησοιΣζΩθΛδλζσ.ap(:347)
	at com.nickuc.login.ωωξΠζΨΛζροθδβγ.disable(:54)
	at nLogin-10.4.8.jar//com.nickuc.login.loader.platform.BukkitLoader.onDisable(BukkitLoader.java:37)
	at org.bukkit.plugin.java.JavaPlugin.setEnabled(JavaPlugin.java:290)
	at io.papermc.paper.plugin.manager.PaperPluginInstanceManager.disablePlugin(PaperPluginInstanceManager.java:223)
	at io.papermc.paper.plugin.manager.PaperPluginInstanceManager.disablePlugins(PaperPluginInstanceManager.java:147)
	at io.papermc.paper.plugin.manager.PaperPluginManagerImpl.disablePlugins(PaperPluginManagerImpl.java:92)
	at org.bukkit.plugin.SimplePluginManager.disablePlugins(SimplePluginManager.java:528)
	at org.bukkit.craftbukkit.v1_20_R3.CraftServer.disablePlugins(CraftServer.java:570)
	at net.minecraft.server.MinecraftServer.t(MinecraftServer.java:974)
	at net.minecraft.server.dedicated.DedicatedServer.t(DedicatedServer.java:822)
	at net.minecraft.server.MinecraftServer.w(MinecraftServer.java:1265)
	at net.minecraft.server.MinecraftServer.lambda$spin$0(MinecraftServer.java:319)
	at java.base/java.lang.Thread.run(Thread.java:1583)
